<?xml version='1.0' encoding='UTF-8' standalone='no' ?><?xml-stylesheet type="text/xsl" href="compatibility_result.xsl"?>
<Result start="1738462697408" end="1738463406873" start_display="Sun Feb 02 02:18:17 GMT 2025" end_display="Sun Feb 02 02:30:06 GMT 2025" command_line_args="vts-bosch -s 192.168.137.18:5555 --primary-abi-only" suite_name="VTS" suite_variant="VTS" suite_version="13_r4" suite_plan="vts-bosch" suite_build_number="eng.gus1st.20250127.092412" report_version="5.0" devices="192.168.137.18:5555" host_name="RT-C-008FN" os_name="Linux" os_version="5.15.0-130-generic" os_arch="amd64" java_vendor="Oracle Corporation" java_version="11.0.13">
  <Build invocation-id="1" command_line_args="vts-bosch -s 192.168.137.18:5555 --primary-abi-only" adb_version="1.0.41 subVersion: 35.0.2-12147458 install path: /usr/bin/platform-tools/adb" java_version="11.0.13" java_classpath="/home/eae1rt/jenkins/RT-C-008FN/SMI230-rpi4-arm64-spi-android/workspace/Bosch-MEMS-Android-HAL_PR-34/build/SMI230/out_hal/2.1/host/linux-x86/vts/android-vts/tools/compatibility-host-util.jar:/home/eae1rt/jenkins/RT-C-008FN/SMI230-rpi4-arm64-spi-android/workspace/Bosch-MEMS-Android-HAL_PR-34/build/SMI230/out_hal/2.1/host/linux-x86/vts/android-vts/tools/compatibility-tradefed.jar:/home/eae1rt/jenkins/RT-C-008FN/SMI230-rpi4-arm64-spi-android/workspace/Bosch-MEMS-Android-HAL_PR-34/build/SMI230/out_hal/2.1/host/linux-x86/vts/android-vts/tools/loganalysis.jar:/home/eae1rt/jenkins/RT-C-008FN/SMI230-rpi4-arm64-spi-android/workspace/Bosch-MEMS-Android-HAL_PR-34/build/SMI230/out_hal/2.1/host/linux-x86/vts/android-vts/tools/tradefed-test-framework.jar:/home/eae1rt/jenkins/RT-C-008FN/SMI230-rpi4-arm64-spi-android/workspace/Bosch-MEMS-Android-HAL_PR-34/build/SMI230/out_hal/2.1/host/linux-x86/vts/android-vts/tools/tradefed.jar:/home/eae1rt/jenkins/RT-C-008FN/SMI230-rpi4-arm64-spi-android/workspace/Bosch-MEMS-Android-HAL_PR-34/build/SMI230/out_hal/2.1/host/linux-x86/vts/android-vts/tools/vts-tradefed-tests.jar:/home/eae1rt/jenkins/RT-C-008FN/SMI230-rpi4-arm64-spi-android/workspace/Bosch-MEMS-Android-HAL_PR-34/build/SMI230/out_hal/2.1/host/linux-x86/vts/android-vts/tools/vts-tradefed.jar" log_saving_time="93" collector_time_ms="12" test-type-count_AndroidJUnitTest="22" server_reference="bb06873d-7a4c-458e-aaf3-5cf01d84d875" recovery_routine_count="1" target-preparer-setup-latency_com.android.compatibility.common.tradefed.targetprep.VtsDeviceInfoCollector="1974" device_done_timestamp="1738463406749" test-type-count_GTest="63" push_file_time_ms="121" push_dir_time_ms="187" teardown_disk_usage_bytes="0" tf_dynamic_resolver_pair_timestamp="1738462697254:1738462697263" pull_dir_count="1" does_file_exists_time_ms="143" fetch_build_time_ms="10" adb_root_routine_count="1" postboot_setup_count="1" host_sleep="1738463382467:1738463383472,1738463390893:1738463395894" does_file_exists_count="2" tf_module_setup_pair_timestamp="1738462775655:1738462779718" tf_setup_end_timestamp="1738462697563" pull_dir_time_ms="40066" test_teardown="1738463406308:1738463406649" device_release_state="AVAILABLE" target-preparer-teardown-latency_com.android.compatibility.common.tradefed.targetprep.VtsDeviceInfoCollector="8" log_saving_count="33" delete_device_file_count="1" check_device_availability="1738463405814:1738463406308" pre_multi_preparer="1738462697560:1738462697561" push_dir_count="1" tf_teardown_start_timestamp="1738463406313" recovery_time="7621" lab_setup="1738462697561:1738462697563" tf_module_teardown_pair_timestamp="1738463370843:1738463405163" tf_invocation_end_timestamp="1738463406838" adb_root_time="2496" target-preparer-setup-latency_com.android.compatibility.common.tradefed.targetprep.DeviceInfoCollector="73745" package_install_time_ms="3761" start_logcat="1738462697273:1738462697337" postboot_setup_time="295" setup_time_ms="75875" total_test_count="85" status_checker_pair="1738462773778:1738462775652,1738463405554:1738463405555" tf_test_teardown_pair_timestamp="1738463406313:1738463406330" fetch_artifact="1738462697263:1738462697273" tf_fetch_build_start_timestamp="1738462697263" soft_restart_after_module="1" tf_test_setup_pair_timestamp="1738462697559:1738462697561,1738462697563:1738462773436" tf_invocation_start_timestamp="1738462697249" invocation_warm_up="1738462697248:1738462697252" target-preparer-teardown-latency_com.android.compatibility.common.tradefed.targetprep.DeviceInfoCollector="8" tf_setup_start_timestamp="1738462697559" package_install_count="2" tf_teardown_end_timestamp="1738463406649" device_count="1" tf_fetch_build_end_timestamp="1738462697273" tf_fetch_build_pair_timestamp="1738462697263:1738462697273" tf_teardown_pair_timestamp="1738463405729:1738463406308,1738463406330:1738463406600" tf_test_pair_timestamp="1738462773485:1738463405581" sharding="1738462697337:1738462697341" load_test_configs_time_ms="153" dynamic_download="1738462697254:1738462697263" test_setup="1738462697563:1738462773436" test_execution="1738462773485:1738463405581" log_and_release_device="1738463406649:1738463406749" tf_setup_pair_timestamp="1738462697557:1738462697559,1738462697561:1738462697563" delete_device_file_time_ms="81" push_file_count="2" tf_objects_tracking="com.android.compatibility.common.tradefed.targetprep.ApkInstrumentationPreparer=1,com.android.tradefed.testtype.GTest=1,com.android.tradefed.targetprep.BaseTargetPreparer=4,com.android.compatibility.common.tradefed.targetprep.DeviceInfoCollector=1,com.android.compatibility.common.tradefed.testtype.suite.CompatibilityTestSuite=1,com.android.tradefed.targetprep.StopServicesSetup=1,com.android.tradefed.targetprep.PushFilePreparer=1,com.android.compatibility.common.tradefed.targetprep.PreconditionPreparer=1,com.android.compatibility.common.tradefed.build.CompatibilityBuildProvider=1,com.android.tradefed.testtype.suite.BaseTestSuite=1,com.android.tradefed.testtype.GTestBase=1,com.android.tradefed.testtype.suite.ITestSuite=1,com.android.compatibility.common.tradefed.targetprep.VtsDeviceInfoCollector=1,com.android.tradefed.targetprep.RootTargetPreparer=1" device_kernel_info="Linux localhost 5.15.131-v8-g41e890d4dfe0-dirty-ab5 #1 SMP PREEMPT Wed Jan 29 09:29:24 UTC 2025 aarch64 Toybox" system_img_info="Raspberry/bosch_hal_v2_0/rpi4:13/TQ3A.230901.001/2:userdebug/test-keys" vendor_img_info="Raspberry/bosch_hal_v2_0/rpi4:13/TQ3A.230901.001/2:userdebug/test-keys" build_vendor_manufacturer="Raspberry" build_abi22="" build_abis_32="armeabi-v7a,armeabi" build_reference_fingerprint="null" build_tags="test-keys" build_version_incremental="2" build_fingerprint_unaltered="Raspberry/bosch_hal_v2_0/rpi4:13/TQ3A.230901.001/2:userdebug/test-keys" build_model="Raspberry Pi 4" build_bootimage_fingerprint="Raspberry/bosch_hal_v2_0/rpi4:13/TQ3A.230901.001/2:userdebug/test-keys" build_version_sdk="33" build_system_fingerprint="Raspberry/bosch_hal_v2_0/rpi4:13/TQ3A.230901.001/2:userdebug/test-keys" build_vendor_model="Raspberry Pi 4" build_serial="100000009d2b0d07" build_version_security_patch="2023-09-01" build_abi="arm64-v8a" build_abis_64="arm64-v8a" build_board="null" build_abis="arm64-v8a,armeabi-v7a,armeabi" build_version_release="13" build_board2="" build_first_api_level="33" build_reference_fingerprint2="" build_manufacturer="Raspberry" build_product="bosch_hal_v2_0" build_brand="Raspberry" build_fingerprint="Raspberry/bosch_hal_v2_0/rpi4:13/TQ3A.230901.001/2:userdebug/test-keys" build_device="rpi4" build_id="TQ3A.230901.001" build_version_base_os="null" build_vendor_fingerprint="Raspberry/bosch_hal_v2_0/rpi4:13/TQ3A.230901.001/2:userdebug/test-keys" build_type="userdebug" build_abi2="null" build_version_base_os2="" />
  <Summary pass="63" failed="0" modules_done="1" modules_total="1" />
  <Module name="BoschHalSensorsV2_1TargetTest" abi="arm64-v8a" runtime="625830" done="true" pass="63" total_tests="63">
    <TestCase name="PerInstance/SensorsHidlTest">
      <Test result="pass" name="SensorListValid/0_default" />
      <Test result="pass" name="SensorListContainsBoschSensor/0_default" />
      <Test result="pass" name="SetOperationMode/0_default" />
      <Test result="pass" name="InjectSensorEventData/0_default" />
      <Test result="pass" name="CallInitializeTwice/0_default" />
      <Test result="pass" name="CleanupConnectionsOnInitialize/0_default" />
      <Test result="pass" name="FlushSensor/0_default" />
      <Test result="pass" name="FlushOneShotSensor/0_default" />
      <Test result="pass" name="FlushInactiveSensor/0_default" />
      <Test result="pass" name="Batch/0_default" />
      <Test result="pass" name="Activate/0_default" />
      <Test result="pass" name="ConfigCheck/0_default" />
      <Test result="pass" name="NoStaleEvents/0_default" />
      <Test result="pass" name="DirectChannelAshmem/0_default" />
      <Test result="pass" name="DirectChannelGralloc/0_default" />
      <Test result="pass" name="AccelerometerCheckSensorVector/0_default" />
      <Test result="pass" name="GyroscopeCheckSensorVector/0_default" />
      <Test result="pass" name="GravityCheckSensorVector/0_default" />
      <Test result="pass" name="LinearAccelerationCheckSensorVector/0_default" />
      <Test result="pass" name="AccelerometerStreamingOperationSlow/0_default" />
      <Test result="pass" name="AccelerometerStreamingOperationNormal/0_default" />
      <Test result="pass" name="AccelerometerStreamingOperationFast/0_default" />
      <Test result="pass" name="GyroscopeStreamingOperationSlow/0_default" />
      <Test result="pass" name="GyroscopeStreamingOperationNormal/0_default" />
      <Test result="pass" name="GyroscopeStreamingOperationFast/0_default" />
      <Test result="pass" name="GravityStreamingOperationFast/0_default" />
      <Test result="pass" name="LinearAccelerationStreamingOperationFast/0_default" />
      <Test result="pass" name="AccelerometerSamplingPeriodHotSwitchOperation/0_default" />
      <Test result="pass" name="GyroscopeSamplingPeriodHotSwitchOperation/0_default" />
      <Test result="pass" name="GravitySamplingPeriodHotSwitchOperation/0_default" />
      <Test result="pass" name="LinearAccelerationSamplingPeriodHotSwitchOperation/0_default" />
      <Test result="pass" name="AccelerometerBatchingOperation/0_default" />
      <Test result="pass" name="GyroscopeBatchingOperation/0_default" />
      <Test result="pass" name="GravityBatchingOperation/0_default" />
      <Test result="pass" name="LinearAccelerationBatchingOperation/0_default" />
      <Test result="pass" name="AccelerometerAshmemDirectReportOperationNormal/0_default" />
      <Test result="pass" name="AccelerometerAshmemDirectReportOperationFast/0_default" />
      <Test result="pass" name="AccelerometerAshmemDirectReportOperationVeryFast/0_default" />
      <Test result="pass" name="GyroscopeAshmemDirectReportOperationNormal/0_default" />
      <Test result="pass" name="GyroscopeAshmemDirectReportOperationFast/0_default" />
      <Test result="pass" name="GyroscopeAshmemDirectReportOperationVeryFast/0_default" />
      <Test result="pass" name="GravityAshmemDirectReportOperationNormal/0_default" />
      <Test result="pass" name="GravityAshmemDirectReportOperationFast/0_default" />
      <Test result="pass" name="GravityAshmemDirectReportOperationVeryFast/0_default" />
      <Test result="pass" name="LinearAccelerationAshmemDirectReportOperationNormal/0_default" />
      <Test result="pass" name="LinearAccelerationAshmemDirectReportOperationFast/0_default" />
      <Test result="pass" name="LinearAccelerationAshmemDirectReportOperationVeryFast/0_default" />
      <Test result="pass" name="AccelerometerGrallocDirectReportOperationNormal/0_default" />
      <Test result="pass" name="AccelerometerGrallocDirectReportOperationFast/0_default" />
      <Test result="pass" name="AccelerometerGrallocDirectReportOperationVeryFast/0_default" />
      <Test result="pass" name="GyroscopeGrallocDirectReportOperationNormal/0_default" />
      <Test result="pass" name="GyroscopeGrallocDirectReportOperationFast/0_default" />
      <Test result="pass" name="GyroscopeGrallocDirectReportOperationVeryFast/0_default" />
      <Test result="pass" name="GravityGrallocDirectReportOperationNormal/0_default" />
      <Test result="pass" name="GravityGrallocDirectReportOperationFast/0_default" />
      <Test result="pass" name="GravityGrallocDirectReportOperationVeryFast/0_default" />
      <Test result="pass" name="LinearAccelerationGrallocDirectReportOperationNormal/0_default" />
      <Test result="pass" name="LinearAccelerationGrallocDirectReportOperationFast/0_default" />
      <Test result="pass" name="LinearAccelerationGrallocDirectReportOperationVeryFast/0_default" />
      <Test result="pass" name="ConfigureDirectChannelWithInvalidHandle/0_default" />
      <Test result="pass" name="CleanupDirectConnectionOnInitialize/0_default" />
      <Test result="pass" name="SensorListDoesntContainInvalidType/0_default" />
      <Test result="pass" name="FlushNonexistentSensor/0_default" />
    </TestCase>
  </Module>
</Result>