<?xml version='1.0' encoding='UTF-8' standalone='no' ?><?xml-stylesheet type="text/xsl" href="compatibility_result.xsl"?>
<Result start="1738466661141" end="1738466897828" start_display="Sun Feb 02 03:24:21 GMT 2025" end_display="Sun Feb 02 03:28:17 GMT 2025" command_line_args="vts-bosch -s 192.168.137.18:5555 --primary-abi-only" suite_name="VTS" suite_variant="VTS" suite_version="13_r4" suite_plan="vts-bosch" suite_build_number="eng.gus1st.20250127.092412" report_version="5.0" devices="192.168.137.18:5555" host_name="RT-C-008FN" os_name="Linux" os_version="5.15.0-130-generic" os_arch="amd64" java_vendor="Oracle Corporation" java_version="11.0.13">
  <Build invocation-id="1" command_line_args="vts-bosch -s 192.168.137.18:5555 --primary-abi-only" adb_version="1.0.41 subVersion: 35.0.2-12147458 install path: /usr/bin/platform-tools/adb" java_version="11.0.13" java_classpath="/home/eae1rt/jenkins/RT-C-008FN/SMI230-rpi4-arm64-spi-android/workspace/Bosch-MEMS-Android-HAL_PR-34/build/SMI230/out_hal/multihal/aidl/host/linux-x86/vts/android-vts/tools/compatibility-host-util.jar:/home/eae1rt/jenkins/RT-C-008FN/SMI230-rpi4-arm64-spi-android/workspace/Bosch-MEMS-Android-HAL_PR-34/build/SMI230/out_hal/multihal/aidl/host/linux-x86/vts/android-vts/tools/compatibility-tradefed.jar:/home/eae1rt/jenkins/RT-C-008FN/SMI230-rpi4-arm64-spi-android/workspace/Bosch-MEMS-Android-HAL_PR-34/build/SMI230/out_hal/multihal/aidl/host/linux-x86/vts/android-vts/tools/loganalysis.jar:/home/eae1rt/jenkins/RT-C-008FN/SMI230-rpi4-arm64-spi-android/workspace/Bosch-MEMS-Android-HAL_PR-34/build/SMI230/out_hal/multihal/aidl/host/linux-x86/vts/android-vts/tools/tradefed-test-framework.jar:/home/eae1rt/jenkins/RT-C-008FN/SMI230-rpi4-arm64-spi-android/workspace/Bosch-MEMS-Android-HAL_PR-34/build/SMI230/out_hal/multihal/aidl/host/linux-x86/vts/android-vts/tools/tradefed.jar:/home/eae1rt/jenkins/RT-C-008FN/SMI230-rpi4-arm64-spi-android/workspace/Bosch-MEMS-Android-HAL_PR-34/build/SMI230/out_hal/multihal/aidl/host/linux-x86/vts/android-vts/tools/vts-tradefed-tests.jar:/home/eae1rt/jenkins/RT-C-008FN/SMI230-rpi4-arm64-spi-android/workspace/Bosch-MEMS-Android-HAL_PR-34/build/SMI230/out_hal/multihal/aidl/host/linux-x86/vts/android-vts/tools/vts-tradefed.jar" log_saving_time="57" collector_time_ms="15" test-type-count_AndroidJUnitTest="22" server_reference="15c13775-29a1-4cc6-b031-f58489a3da05" target-preparer-setup-latency_com.android.compatibility.common.tradefed.targetprep.VtsDeviceInfoCollector="2067" device_done_timestamp="1738466897786" test-type-count_GTest="23" push_file_time_ms="214" push_dir_time_ms="355" teardown_disk_usage_bytes="0" tf_dynamic_resolver_pair_timestamp="1738466660981:1738466660990" pull_dir_count="1" does_file_exists_time_ms="278" fetch_build_time_ms="10" adb_root_routine_count="2" host_sleep="1738466873481:1738466874482" does_file_exists_count="4" tf_module_setup_pair_timestamp="1738466739542:1738466743583,1738466883296:1738466886469" tf_setup_end_timestamp="1738466661307" pull_dir_time_ms="39892" test_teardown="1738466897385:1738466897705" device_release_state="AVAILABLE" target-preparer-teardown-latency_com.android.compatibility.common.tradefed.targetprep.VtsDeviceInfoCollector="4" log_saving_count="32" delete_device_file_count="2" check_device_availability="1738466896943:1738466897385" pre_multi_preparer="1738466661297:1738466661300" push_dir_count="2" tf_teardown_start_timestamp="1738466897388" lab_setup="1738466661303:1738466661307" tf_module_teardown_pair_timestamp="1738466845451:1738466881305,1738466887210:1738466896864" tf_invocation_end_timestamp="1738466897819" adb_root_time="4977" target-preparer-setup-latency_com.android.compatibility.common.tradefed.targetprep.DeviceInfoCollector="73730" package_install_time_ms="3700" start_logcat="1738466661000:1738466661061" setup_time_ms="75957" total_test_count="45" status_checker_pair="1738466737683:1738466739540,1738466881349:1738466881349,1738466881367:1738466883294,1738466896879:1738466896879" tf_test_teardown_pair_timestamp="1738466897388:1738466897397" fetch_artifact="1738466660990:1738466661000" tf_fetch_build_start_timestamp="1738466660990" soft_restart_after_module="2" tf_test_setup_pair_timestamp="1738466661296:1738466661301,1738466661307:1738466737260" tf_invocation_start_timestamp="1738466660976" invocation_warm_up="1738466660975:1738466660979" target-preparer-teardown-latency_com.android.compatibility.common.tradefed.targetprep.DeviceInfoCollector="5" tf_setup_start_timestamp="1738466661296" package_install_count="2" tf_teardown_end_timestamp="1738466897705" device_count="1" tf_fetch_build_end_timestamp="1738466661000" tf_fetch_build_pair_timestamp="1738466660990:1738466661000" tf_teardown_pair_timestamp="1738466896895:1738466897385,1738466897397:1738466897689" tf_test_pair_timestamp="1738466737286:1738466896895" sharding="1738466661061:1738466661066" load_test_configs_time_ms="91" dynamic_download="1738466660981:1738466660990" test_setup="1738466661307:1738466737260" test_execution="1738466737286:1738466896894" log_and_release_device="1738466897705:1738466897787" tf_setup_pair_timestamp="1738466661289:1738466661294,1738466661303:1738466661307" delete_device_file_time_ms="149" push_file_count="4" tf_objects_tracking="com.android.compatibility.common.tradefed.targetprep.ApkInstrumentationPreparer=1,com.android.tradefed.testtype.GTest=2,com.android.tradefed.targetprep.BaseTargetPreparer=6,com.android.compatibility.common.tradefed.targetprep.DeviceInfoCollector=1,com.android.compatibility.common.tradefed.testtype.suite.CompatibilityTestSuite=1,com.android.tradefed.targetprep.StopServicesSetup=1,com.android.tradefed.targetprep.PushFilePreparer=2,com.android.compatibility.common.tradefed.targetprep.PreconditionPreparer=1,com.android.compatibility.common.tradefed.build.CompatibilityBuildProvider=1,com.android.tradefed.testtype.suite.BaseTestSuite=1,com.android.tradefed.testtype.GTestBase=2,com.android.tradefed.testtype.suite.ITestSuite=1,com.android.compatibility.common.tradefed.targetprep.VtsDeviceInfoCollector=1,com.android.tradefed.targetprep.RootTargetPreparer=2" device_kernel_info="Linux localhost 5.15.131-v8-g41e890d4dfe0-dirty-ab5 #1 SMP PREEMPT Wed Jan 29 09:29:24 UTC 2025 aarch64 Toybox" system_img_info="Raspberry/bosch_hal_v2_0/rpi4:13/TQ3A.230901.001/2:userdebug/test-keys" vendor_img_info="Raspberry/bosch_hal_v2_0/rpi4:13/TQ3A.230901.001/2:userdebug/test-keys" build_vendor_manufacturer="Raspberry" build_abi22="" build_abis_32="armeabi-v7a,armeabi" build_reference_fingerprint="null" build_tags="test-keys" build_version_incremental="2" build_fingerprint_unaltered="Raspberry/bosch_hal_v2_0/rpi4:13/TQ3A.230901.001/2:userdebug/test-keys" build_model="Raspberry Pi 4" build_bootimage_fingerprint="Raspberry/bosch_hal_v2_0/rpi4:13/TQ3A.230901.001/2:userdebug/test-keys" build_version_sdk="33" build_system_fingerprint="Raspberry/bosch_hal_v2_0/rpi4:13/TQ3A.230901.001/2:userdebug/test-keys" build_vendor_model="Raspberry Pi 4" build_serial="100000009d2b0d07" build_version_security_patch="2023-09-01" build_abi="arm64-v8a" build_abis_64="arm64-v8a" build_board="null" build_abis="arm64-v8a,armeabi-v7a,armeabi" build_version_release="13" build_board2="" build_first_api_level="33" build_reference_fingerprint2="" build_manufacturer="Raspberry" build_product="bosch_hal_v2_0" build_brand="Raspberry" build_fingerprint="Raspberry/bosch_hal_v2_0/rpi4:13/TQ3A.230901.001/2:userdebug/test-keys" build_device="rpi4" build_id="TQ3A.230901.001" build_version_base_os="null" build_vendor_fingerprint="Raspberry/bosch_hal_v2_0/rpi4:13/TQ3A.230901.001/2:userdebug/test-keys" build_type="userdebug" build_abi2="null" build_version_base_os2="" />
  <Summary pass="22" failed="0" modules_done="2" modules_total="2" />
  <Module name="BoschAidlHalSensorsTargetTest" abi="arm64-v8a" runtime="137763" done="true" pass="19" total_tests="19">
    <TestCase name="Sensors/SensorsAidlTest">
      <Test result="pass" name="SensorListValid/0_android_hardware_sensors_ISensors_default" />
      <Test result="pass" name="SensorListContainsBoschSensor/0_android_hardware_sensors_ISensors_default" />
      <Test result="pass" name="SetOperationMode/0_android_hardware_sensors_ISensors_default" />
      <Test result="pass" name="InjectSensorEventData/0_android_hardware_sensors_ISensors_default" />
      <Test result="pass" name="CallInitializeTwice/0_android_hardware_sensors_ISensors_default" />
      <Test result="pass" name="CleanupConnectionsOnInitialize/0_android_hardware_sensors_ISensors_default" />
      <Test result="pass" name="FlushSensor/0_android_hardware_sensors_ISensors_default" />
      <Test result="pass" name="FlushOneShotSensor/0_android_hardware_sensors_ISensors_default" />
      <Test result="pass" name="FlushInactiveSensor/0_android_hardware_sensors_ISensors_default" />
      <Test result="pass" name="Batch/0_android_hardware_sensors_ISensors_default" />
      <Test result="pass" name="Activate/0_android_hardware_sensors_ISensors_default" />
      <Test result="pass" name="AccelerometerCheckSensorVector/0_android_hardware_sensors_ISensors_default" />
      <Test result="pass" name="GyroscopeCheckSensorVector/0_android_hardware_sensors_ISensors_default" />
      <Test result="pass" name="GravityCheckSensorVector/0_android_hardware_sensors_ISensors_default" />
      <Test result="pass" name="LinearAccelerationCheckSensorVector/0_android_hardware_sensors_ISensors_default" />
      <Test result="pass" name="ConfigCheck/0_android_hardware_sensors_ISensors_default" />
      <Test result="pass" name="NoStaleEvents/0_android_hardware_sensors_ISensors_default" />
      <Test result="pass" name="DirectChannelAshmem/0_android_hardware_sensors_ISensors_default" />
      <Test result="pass" name="DirectChannelGralloc/0_android_hardware_sensors_ISensors_default" />
    </TestCase>
  </Module>
  <Module name="BoschHalSensorManagerV1_0TargetTest" abi="arm64-v8a" runtime="10408" done="true" pass="3" total_tests="4">
    <TestCase name="PerInstance/SensorManagerTest">
      <Test result="pass" name="List/0_default" />
      <Test result="pass" name="Ashmem/0_default" />
      <Test result="pass" name="GetDefaultAccelerometer/0_default" />
      <Test result="IGNORED" name="Accelerometer/0_default" skipped="true" />
    </TestCase>
  </Module>
</Result>